<?xml version="1.0" encoding="UTF-8"?>
<!-- Generated by org.testng.reporters.JUnitReportReporter -->
<testsuite skipped="0" hostname="DESKTOP-NOU9GCV" name="DemoGit.DemoGitt" tests="1" failures="0" timestamp="11 Mar 2022 15:39:57 GMT" time="0.037" errors="0">
  <testcase name="demo" time="0.037" classname="DemoGit.DemoGitt"/>
</testsuite> <!-- DemoGit.DemoGitt -->
