<?xml version="1.0" encoding="UTF-8"?>
<!-- Generated by org.testng.reporters.JUnitReportReporter -->
<testsuite skipped="0" hostname="DESKTOP-NOU9GCV" name="DemoGit.DemoNew" tests="1" failures="0" timestamp="11 Mar 2022 16:30:50 GMT" time="0.022" errors="0">
  <testcase name="demo" time="0.022" classname="DemoGit.DemoNew"/>
</testsuite> <!-- DemoGit.DemoNew -->
