<?xml version="1.0" encoding="UTF-8"?>
<!-- Generated by org.testng.reporters.JUnitReportReporter -->
<testsuite skipped="0" hostname="DESKTOP-NOU9GCV" name="DemoGit.Sample" tests="1" failures="0" timestamp="11 Mar 2022 17:44:24 GMT" time="0.014" errors="0">
  <testcase name="demo" time="0.014" classname="DemoGit.Sample"/>
</testsuite> <!-- DemoGit.Sample -->
